0 info it worked if it ends with ok
1 verbose cli [ 'C:\\Program Files\\nodejs\\node.exe',
1 verbose cli   'C:\\Program Files\\nodejs\\node_modules\\npm\\bin\\npm-cli.js',
1 verbose cli   'install',
1 verbose cli   'emqil' ]
2 info using npm@2.15.9
3 info using node@v4.5.0
4 verbose install initial load of C:\xampp\htdocs\nodejs\news-Backstage\news\node\study\package.json
5 verbose installManyTop reading scoped package data from C:\xampp\htdocs\nodejs\news-Backstage\news\node\study\node_modules\body-parser\package.json
6 verbose installManyTop reading scoped package data from C:\xampp\htdocs\nodejs\news-Backstage\news\node\study\node_modules\cookie-parser\package.json
7 verbose installManyTop reading scoped package data from C:\xampp\htdocs\nodejs\news-Backstage\news\node\study\node_modules\debug\package.json
8 verbose installManyTop reading scoped package data from C:\xampp\htdocs\nodejs\news-Backstage\news\node\study\node_modules\ejs\package.json
9 verbose installManyTop reading scoped package data from C:\xampp\htdocs\nodejs\news-Backstage\news\node\study\node_modules\express\package.json
10 verbose installManyTop reading scoped package data from C:\xampp\htdocs\nodejs\news-Backstage\news\node\study\node_modules\morgan\package.json
11 verbose installManyTop reading scoped package data from C:\xampp\htdocs\nodejs\news-Backstage\news\node\study\node_modules\mysql\package.json
12 verbose installManyTop reading scoped package data from C:\xampp\htdocs\nodejs\news-Backstage\news\node\study\node_modules\serve-favicon\package.json
13 verbose readDependencies loading dependencies from C:\xampp\htdocs\nodejs\news-Backstage\news\node\study\package.json
14 silly cache add args [ 'emqil', null ]
15 verbose cache add spec emqil
16 silly cache add parsed spec Result {
16 silly cache add   raw: 'emqil',
16 silly cache add   scope: null,
16 silly cache add   name: 'emqil',
16 silly cache add   rawSpec: '',
16 silly cache add   spec: 'latest',
16 silly cache add   type: 'tag' }
17 silly addNamed emqil@latest
18 verbose addNamed "latest" is being treated as a dist-tag for emqil
19 info addNameTag [ 'emqil', 'latest' ]
20 silly mapToRegistry name emqil
21 silly mapToRegistry using default registry
22 silly mapToRegistry registry https://registry.npmjs.org/
23 silly mapToRegistry data Result {
23 silly mapToRegistry   raw: 'emqil',
23 silly mapToRegistry   scope: null,
23 silly mapToRegistry   name: 'emqil',
23 silly mapToRegistry   rawSpec: '',
23 silly mapToRegistry   spec: 'latest',
23 silly mapToRegistry   type: 'tag' }
24 silly mapToRegistry uri https://registry.npmjs.org/emqil
25 verbose addNameTag registry:https://registry.npmjs.org/emqil not in flight; fetching
26 verbose request uri https://registry.npmjs.org/emqil
27 verbose request no auth needed
28 info attempt registry request try #1 at 17:24:50
29 verbose request id 95f8ab1e5353e6ca
30 http request GET https://registry.npmjs.org/emqil
31 http 404 https://registry.npmjs.org/emqil
32 verbose headers { 'content-type': 'application/json',
32 verbose headers   'cache-control': 'max-age=0',
32 verbose headers   'content-length': '2',
32 verbose headers   'accept-ranges': 'bytes',
32 verbose headers   date: 'Mon, 19 Sep 2016 09:22:53 GMT',
32 verbose headers   via: '1.1 varnish',
32 verbose headers   age: '0',
32 verbose headers   connection: 'keep-alive',
32 verbose headers   'x-served-by': 'cache-ams4125-AMS',
32 verbose headers   'x-cache': 'MISS',
32 verbose headers   'x-cache-hits': '0',
32 verbose headers   'x-timer': 'S1474276973.669428,VS0,VE107',
32 verbose headers   vary: 'Accept-Encoding' }
33 silly get cb [ 404,
33 silly get   { 'content-type': 'application/json',
33 silly get     'cache-control': 'max-age=0',
33 silly get     'content-length': '2',
33 silly get     'accept-ranges': 'bytes',
33 silly get     date: 'Mon, 19 Sep 2016 09:22:53 GMT',
33 silly get     via: '1.1 varnish',
33 silly get     age: '0',
33 silly get     connection: 'keep-alive',
33 silly get     'x-served-by': 'cache-ams4125-AMS',
33 silly get     'x-cache': 'MISS',
33 silly get     'x-cache-hits': '0',
33 silly get     'x-timer': 'S1474276973.669428,VS0,VE107',
33 silly get     vary: 'Accept-Encoding' } ]
34 verbose stack Error: Registry returned 404 for GET on https://registry.npmjs.org/emqil
34 verbose stack     at makeError (C:\Program Files\nodejs\node_modules\npm\node_modules\npm-registry-client\lib\request.js:264:12)
34 verbose stack     at CachingRegistryClient.<anonymous> (C:\Program Files\nodejs\node_modules\npm\node_modules\npm-registry-client\lib\request.js:242:14)
34 verbose stack     at Request._callback (C:\Program Files\nodejs\node_modules\npm\node_modules\npm-registry-client\lib\request.js:172:14)
34 verbose stack     at Request.self.callback (C:\Program Files\nodejs\node_modules\npm\node_modules\request\request.js:200:22)
34 verbose stack     at emitTwo (events.js:87:13)
34 verbose stack     at Request.emit (events.js:172:7)
34 verbose stack     at Request.<anonymous> (C:\Program Files\nodejs\node_modules\npm\node_modules\request\request.js:1067:10)
34 verbose stack     at emitOne (events.js:82:20)
34 verbose stack     at Request.emit (events.js:169:7)
34 verbose stack     at IncomingMessage.<anonymous> (C:\Program Files\nodejs\node_modules\npm\node_modules\request\request.js:988:12)
35 verbose statusCode 404
36 verbose pkgid emqil
37 verbose cwd C:\xampp\htdocs\nodejs\news-Backstage\news\node\study
38 error Windows_NT 6.1.7601
39 error argv "C:\\Program Files\\nodejs\\node.exe" "C:\\Program Files\\nodejs\\node_modules\\npm\\bin\\npm-cli.js" "install" "emqil"
40 error node v4.5.0
41 error npm  v2.15.9
42 error code E404
43 error 404 Registry returned 404 for GET on https://registry.npmjs.org/emqil
43 error 404
43 error 404 'emqil' is not in the npm registry.
43 error 404 You should bug the author to publish it (or use the name yourself!)
43 error 404 It was specified as a dependency of 'study'
43 error 404
43 error 404 Note that you can also install from a
43 error 404 tarball, folder, http url, or git url.
44 verbose exit [ 1, true ]
